  glutCube.cpp
C:\Users\Eleva\Documents\GitHub\MComp\glutCube\glutCube.cpp(54,1): error C2679: binary '<<': no operator found which takes a right-hand operand of type 'const COpenXRGL::TMatrix' (or there is no acceptable conversion)
C:\Program Files (x86)\Microsoft Visual Studio\2019\Community\VC\Tools\MSVC\14.28.29333\include\ostream(465,39): message : could be 'std::basic_ostream<char,std::char_traits<char>> &std::basic_ostream<char,std::char_traits<char>>::operator <<(std::basic_streambuf<char,std::char_traits<char>> *)'
C:\Program Files (x86)\Microsoft Visual Studio\2019\Community\VC\Tools\MSVC\14.28.29333\include\ostream(440,39): message : or       'std::basic_ostream<char,std::char_traits<char>> &std::basic_ostream<char,std::char_traits<char>>::operator <<(const void *)'
C:\Program Files (x86)\Microsoft Visual Studio\2019\Community\VC\Tools\MSVC\14.28.29333\include\ostream(422,39): message : or       'std::basic_ostream<char,std::char_traits<char>> &std::basic_ostream<char,std::char_traits<char>>::operator <<(long double)'
C:\Program Files (x86)\Microsoft Visual Studio\2019\Community\VC\Tools\MSVC\14.28.29333\include\ostream(404,39): message : or       'std::basic_ostream<char,std::char_traits<char>> &std::basic_ostream<char,std::char_traits<char>>::operator <<(double)'
C:\Program Files (x86)\Microsoft Visual Studio\2019\Community\VC\Tools\MSVC\14.28.29333\include\ostream(386,39): message : or       'std::basic_ostream<char,std::char_traits<char>> &std::basic_ostream<char,std::char_traits<char>>::operator <<(float)'
C:\Program Files (x86)\Microsoft Visual Studio\2019\Community\VC\Tools\MSVC\14.28.29333\include\ostream(368,39): message : or       'std::basic_ostream<char,std::char_traits<char>> &std::basic_ostream<char,std::char_traits<char>>::operator <<(unsigned __int64)'
C:\Program Files (x86)\Microsoft Visual Studio\2019\Community\VC\Tools\MSVC\14.28.29333\include\ostream(350,39): message : or       'std::basic_ostream<char,std::char_traits<char>> &std::basic_ostream<char,std::char_traits<char>>::operator <<(__int64)'
C:\Program Files (x86)\Microsoft Visual Studio\2019\Community\VC\Tools\MSVC\14.28.29333\include\ostream(332,39): message : or       'std::basic_ostream<char,std::char_traits<char>> &std::basic_ostream<char,std::char_traits<char>>::operator <<(unsigned long)'
C:\Program Files (x86)\Microsoft Visual Studio\2019\Community\VC\Tools\MSVC\14.28.29333\include\ostream(314,39): message : or       'std::basic_ostream<char,std::char_traits<char>> &std::basic_ostream<char,std::char_traits<char>>::operator <<(long)'
C:\Program Files (x86)\Microsoft Visual Studio\2019\Community\VC\Tools\MSVC\14.28.29333\include\ostream(295,39): message : or       'std::basic_ostream<char,std::char_traits<char>> &std::basic_ostream<char,std::char_traits<char>>::operator <<(unsigned int)'
C:\Program Files (x86)\Microsoft Visual Studio\2019\Community\VC\Tools\MSVC\14.28.29333\include\ostream(269,39): message : or       'std::basic_ostream<char,std::char_traits<char>> &std::basic_ostream<char,std::char_traits<char>>::operator <<(int)'
C:\Program Files (x86)\Microsoft Visual Studio\2019\Community\VC\Tools\MSVC\14.28.29333\include\ostream(250,39): message : or       'std::basic_ostream<char,std::char_traits<char>> &std::basic_ostream<char,std::char_traits<char>>::operator <<(unsigned short)'
C:\Program Files (x86)\Microsoft Visual Studio\2019\Community\VC\Tools\MSVC\14.28.29333\include\ostream(216,39): message : or       'std::basic_ostream<char,std::char_traits<char>> &std::basic_ostream<char,std::char_traits<char>>::operator <<(short)'
C:\Program Files (x86)\Microsoft Visual Studio\2019\Community\VC\Tools\MSVC\14.28.29333\include\ostream(198,39): message : or       'std::basic_ostream<char,std::char_traits<char>> &std::basic_ostream<char,std::char_traits<char>>::operator <<(bool)'
C:\Program Files (x86)\Microsoft Visual Studio\2019\Community\VC\Tools\MSVC\14.28.29333\include\ostream(193,39): message : or       'std::basic_ostream<char,std::char_traits<char>> &std::basic_ostream<char,std::char_traits<char>>::operator <<(std::ios_base &(__cdecl *)(std::ios_base &))'
C:\Program Files (x86)\Microsoft Visual Studio\2019\Community\VC\Tools\MSVC\14.28.29333\include\ostream(188,39): message : or       'std::basic_ostream<char,std::char_traits<char>> &std::basic_ostream<char,std::char_traits<char>>::operator <<(std::basic_ios<char,std::char_traits<char>> &(__cdecl *)(std::basic_ios<char,std::char_traits<char>> &))'
C:\Program Files (x86)\Microsoft Visual Studio\2019\Community\VC\Tools\MSVC\14.28.29333\include\ostream(183,39): message : or       'std::basic_ostream<char,std::char_traits<char>> &std::basic_ostream<char,std::char_traits<char>>::operator <<(std::basic_ostream<char,std::char_traits<char>> &(__cdecl *)(std::basic_ostream<char,std::char_traits<char>> &))'
C:\Program Files (x86)\Microsoft Visual Studio\2019\Community\VC\Tools\MSVC\14.28.29333\include\ostream(653,32): message : or       'std::basic_ostream<char,std::char_traits<char>> &std::operator <<<char,std::char_traits<char>>(std::basic_ostream<char,std::char_traits<char>> &,const char *)'
C:\Program Files (x86)\Microsoft Visual Studio\2019\Community\VC\Tools\MSVC\14.28.29333\include\ostream(697,32): message : or       'std::basic_ostream<char,std::char_traits<char>> &std::operator <<<char,std::char_traits<char>>(std::basic_ostream<char,std::char_traits<char>> &,char)'
C:\Program Files (x86)\Microsoft Visual Studio\2019\Community\VC\Tools\MSVC\14.28.29333\include\ostream(733,31): message : or       'std::basic_ostream<char,std::char_traits<char>> &std::operator <<<std::char_traits<char>>(std::basic_ostream<char,std::char_traits<char>> &,const char *)'
C:\Program Files (x86)\Microsoft Visual Studio\2019\Community\VC\Tools\MSVC\14.28.29333\include\ostream(778,31): message : or       'std::basic_ostream<char,std::char_traits<char>> &std::operator <<<std::char_traits<char>>(std::basic_ostream<char,std::char_traits<char>> &,char)'
C:\Program Files (x86)\Microsoft Visual Studio\2019\Community\VC\Tools\MSVC\14.28.29333\include\ostream(895,31): message : or       'std::basic_ostream<char,std::char_traits<char>> &std::operator <<<std::char_traits<char>>(std::basic_ostream<char,std::char_traits<char>> &,const signed char *)'
C:\Program Files (x86)\Microsoft Visual Studio\2019\Community\VC\Tools\MSVC\14.28.29333\include\ostream(901,31): message : or       'std::basic_ostream<char,std::char_traits<char>> &std::operator <<<std::char_traits<char>>(std::basic_ostream<char,std::char_traits<char>> &,signed char)'
C:\Program Files (x86)\Microsoft Visual Studio\2019\Community\VC\Tools\MSVC\14.28.29333\include\ostream(906,31): message : or       'std::basic_ostream<char,std::char_traits<char>> &std::operator <<<std::char_traits<char>>(std::basic_ostream<char,std::char_traits<char>> &,const unsigned char *)'
C:\Program Files (x86)\Microsoft Visual Studio\2019\Community\VC\Tools\MSVC\14.28.29333\include\ostream(912,31): message : or       'std::basic_ostream<char,std::char_traits<char>> &std::operator <<<std::char_traits<char>>(std::basic_ostream<char,std::char_traits<char>> &,unsigned char)'
C:\Program Files (x86)\Microsoft Visual Studio\2019\Community\VC\Tools\MSVC\14.28.29333\include\ostream(998,32): message : or       'std::basic_ostream<char,std::char_traits<char>> &std::operator <<<char,std::char_traits<char>>(std::basic_ostream<char,std::char_traits<char>> &,const std::error_code &)'
C:\Users\Eleva\Documents\GitHub\MComp\glutCube\glutCube.cpp(54,1): message : while trying to match the argument list '(std::ostream, const COpenXRGL::TMatrix)'
C:\Users\Eleva\Documents\GitHub\MComp\glutCube\glutCube.cpp(91,46): warning C4305: '=': truncation from 'double' to 'GLfloat'
C:\Users\Eleva\Documents\GitHub\MComp\glutCube\glutCube.cpp(92,45): warning C4305: '=': truncation from 'double' to 'GLfloat'
C:\Users\Eleva\Documents\GitHub\MComp\glutCube\glutCube.cpp(93,46): warning C4305: '=': truncation from 'double' to 'GLfloat'
C:\Users\Eleva\Documents\GitHub\MComp\glutCube\glutCube.cpp(94,45): warning C4305: '=': truncation from 'double' to 'GLfloat'
C:\Users\Eleva\Documents\GitHub\MComp\glutCube\glutCube.cpp(95,45): warning C4305: '=': truncation from 'double' to 'GLfloat'
C:\Users\Eleva\Documents\GitHub\MComp\glutCube\glutCube.cpp(96,46): warning C4305: '=': truncation from 'double' to 'GLfloat'
